<?xml version="1.0" encoding="UTF-8"?>
<!-- Generated by org.testng.reporters.JUnitXMLReporter -->
<testsuite ignored="2" hostname="AminasSurface" failures="1" tests="1" name="test1" time="20.453" errors="0" timestamp="2025-02-22T02:40:19 EST">
  <testcase classname="Combestbuy.access_properties" name="multiElements" time="0.144">
    <failure type="java.lang.AssertionError" message="expected [Top Deals] but found [[Ljava.lang.String;@89c10b7]">
      <![CDATA[java.lang.AssertionError: expected [Top Deals] but found [[Ljava.lang.String;@89c10b7]
at Combestbuy.access_properties.multiElements(access_properties.java:65)
at java.base/java.util.ArrayList.forEach(ArrayList.java:1597)
... Removed 30 stack frames]]>
    </failure>
  </testcase> <!-- multiElements -->
  <testcase classname="Combestbuy.access_properties" name="f" time="0.0">
    <ignored/>
  </testcase> <!-- f -->
  <testcase classname="Combestbuy.access_properties" name="asdad" time="0.0">
    <ignored/>
  </testcase> <!-- asdad -->
</testsuite> <!-- test1 -->
